android/app/build/intermediates/manifest_merge_blame_file/debug/manifest-merger-blame-debug-report.txt
1<?xml version="1.0" encoding="utf-8"?>
2<manifest xmlns:android="http://schemas.android.com/apk/res/android"
3    package="com.elitesgrid"
4    android:versionCode="1"
5    android:versionName="1.0" >
6
7    <uses-sdk
8        android:minSdkVersion="21"
9        android:targetSdkVersion="34" />
10
11    <uses-permission android:name="android.permission.INTERNET" />
11-->src/main/AndroidManifest.xml:3:5-67
11-->src/main/AndroidManifest.xml:3:22-64
12    <!--
13         Required to keep CPU alive while downloading files
14        (NOT to keep screen awake)
15    -->
16    <uses-permission android:name="android.permission.WAKE_LOCK" />
16-->[:react-native-blob-util] AndroidManifest.xml:14:5-68
16-->[:react-native-blob-util] AndroidManifest.xml:14:22-65
17    <!--
18         Required to poll the state of the network connection
19        and respond to changes
20    -->
21    <uses-permission android:name="android.permission.ACCESS_NETWORK_STATE" /> <!-- Required to check whether Wi-Fi is enabled -->
21-->[:react-native-blob-util] AndroidManifest.xml:20:5-79
21-->[:react-native-blob-util] AndroidManifest.xml:20:22-76
22    <uses-permission android:name="android.permission.ACCESS_WIFI_STATE" /> <!-- Required to read and write the expansion files on shared storage -->
22-->[:react-native-blob-util] AndroidManifest.xml:23:5-76
22-->[:react-native-blob-util] AndroidManifest.xml:23:22-73
23    <uses-permission android:name="android.permission.WRITE_EXTERNAL_STORAGE" /> <!-- Required to read and write the expansion files on shared storage for Android 11 -->
23-->[:react-native-blob-util] AndroidManifest.xml:26:5-81
23-->[:react-native-blob-util] AndroidManifest.xml:26:22-78
24    <uses-permission android:name="android.permission.READ_EXTERNAL_STORAGE" /> <!-- Required to to download files without a notification -->
24-->[:react-native-blob-util] AndroidManifest.xml:29:5-80
24-->[:react-native-blob-util] AndroidManifest.xml:29:22-77
25    <uses-permission android:name="android.permission.DOWNLOAD_WITHOUT_NOTIFICATION" />
25-->[:react-native-blob-util] AndroidManifest.xml:32:5-88
25-->[:react-native-blob-util] AndroidManifest.xml:32:22-85
26    <!--
27    This manifest file is used only by Gradle to configure debug-only capabilities
28    for React Native Apps.
29    -->
30    <uses-permission android:name="android.permission.SYSTEM_ALERT_WINDOW" />
30-->[com.facebook.react:react-android:0.73.5] AndroidManifest.xml:16:5-78
30-->[com.facebook.react:react-android:0.73.5] AndroidManifest.xml:16:22-75
31
32    <permission
32-->[androidx.core:core:1.9.0] AndroidManifest.xml:22:5-24:47
33        android:name="com.elitesgrid.DYNAMIC_RECEIVER_NOT_EXPORTED_PERMISSION"
33-->[androidx.core:core:1.9.0] AndroidManifest.xml:23:9-81
34        android:protectionLevel="signature" />
34-->[androidx.core:core:1.9.0] AndroidManifest.xml:24:9-44
35
36    <uses-permission android:name="com.elitesgrid.DYNAMIC_RECEIVER_NOT_EXPORTED_PERMISSION" />
36-->[androidx.core:core:1.9.0] AndroidManifest.xml:26:5-97
36-->[androidx.core:core:1.9.0] AndroidManifest.xml:26:22-94
37
38    <application
38-->src/main/AndroidManifest.xml:5:5-24:19
39        android:name="com.elitesgrid.MainApplication"
39-->src/main/AndroidManifest.xml:6:7-38
40        android:allowBackup="false"
40-->src/main/AndroidManifest.xml:10:7-34
41        android:appComponentFactory="androidx.core.app.CoreComponentFactory"
41-->[androidx.core:core:1.9.0] AndroidManifest.xml:28:18-86
42        android:debuggable="true"
43        android:extractNativeLibs="true"
44        android:icon="@mipmap/ic_launcher"
44-->src/main/AndroidManifest.xml:8:7-41
45        android:label="@string/app_name"
45-->src/main/AndroidManifest.xml:7:7-39
46        android:roundIcon="@mipmap/ic_launcher_round"
46-->src/main/AndroidManifest.xml:9:7-52
47        android:theme="@style/AppTheme"
47-->src/main/AndroidManifest.xml:11:7-38
48        android:usesCleartextTraffic="true" >
48-->src/debug/AndroidManifest.xml:6:9-44
49        <activity
49-->src/main/AndroidManifest.xml:12:7-23:18
50            android:name="com.elitesgrid.MainActivity"
50-->src/main/AndroidManifest.xml:13:9-37
51            android:configChanges="keyboard|keyboardHidden|orientation|screenLayout|screenSize|smallestScreenSize|uiMode"
51-->src/main/AndroidManifest.xml:15:9-118
52            android:exported="true"
52-->src/main/AndroidManifest.xml:18:9-32
53            android:label="@string/app_name"
53-->src/main/AndroidManifest.xml:14:9-41
54            android:launchMode="singleTask"
54-->src/main/AndroidManifest.xml:16:9-40
55            android:windowSoftInputMode="adjustResize" >
55-->src/main/AndroidManifest.xml:17:9-51
56            <intent-filter>
56-->src/main/AndroidManifest.xml:19:9-22:25
57                <action android:name="android.intent.action.MAIN" />
57-->src/main/AndroidManifest.xml:20:13-65
57-->src/main/AndroidManifest.xml:20:21-62
58
59                <category android:name="android.intent.category.LAUNCHER" />
59-->src/main/AndroidManifest.xml:21:13-73
59-->src/main/AndroidManifest.xml:21:23-70
60            </intent-filter>
61        </activity>
62
63        <provider
63-->[:react-native-blob-util] AndroidManifest.xml:35:9-43:20
64            android:name="com.ReactNativeBlobUtil.Utils.FileProvider"
64-->[:react-native-blob-util] AndroidManifest.xml:36:13-70
65            android:authorities="com.elitesgrid.provider"
65-->[:react-native-blob-util] AndroidManifest.xml:37:13-60
66            android:exported="false"
66-->[:react-native-blob-util] AndroidManifest.xml:38:13-37
67            android:grantUriPermissions="true" >
67-->[:react-native-blob-util] AndroidManifest.xml:39:13-47
68            <meta-data
68-->[:react-native-blob-util] AndroidManifest.xml:40:13-42:58
69                android:name="android.support.FILE_PROVIDER_PATHS"
69-->[:react-native-blob-util] AndroidManifest.xml:41:17-67
70                android:resource="@xml/provider_paths" />
70-->[:react-native-blob-util] AndroidManifest.xml:42:17-55
71        </provider>
72        <provider
72-->[:react-native-webview] AndroidManifest.xml:8:9-16:20
73            android:name="com.reactnativecommunity.webview.RNCWebViewFileProvider"
73-->[:react-native-webview] AndroidManifest.xml:9:13-83
74            android:authorities="com.elitesgrid.fileprovider"
74-->[:react-native-webview] AndroidManifest.xml:10:13-64
75            android:exported="false"
75-->[:react-native-webview] AndroidManifest.xml:11:13-37
76            android:grantUriPermissions="true" >
76-->[:react-native-webview] AndroidManifest.xml:12:13-47
77            <meta-data
77-->[:react-native-blob-util] AndroidManifest.xml:40:13-42:58
78                android:name="android.support.FILE_PROVIDER_PATHS"
78-->[:react-native-blob-util] AndroidManifest.xml:41:17-67
79                android:resource="@xml/file_provider_paths" />
79-->[:react-native-blob-util] AndroidManifest.xml:42:17-55
80        </provider>
81
82        <activity
82-->[com.facebook.react:react-android:0.73.5] AndroidManifest.xml:19:9-21:40
83            android:name="com.facebook.react.devsupport.DevSettingsActivity"
83-->[com.facebook.react:react-android:0.73.5] AndroidManifest.xml:20:13-77
84            android:exported="false" />
84-->[com.facebook.react:react-android:0.73.5] AndroidManifest.xml:21:13-37
85
86        <provider
86-->[androidx.emoji2:emoji2:1.2.0] AndroidManifest.xml:24:9-32:20
87            android:name="androidx.startup.InitializationProvider"
87-->[androidx.emoji2:emoji2:1.2.0] AndroidManifest.xml:25:13-67
88            android:authorities="com.elitesgrid.androidx-startup"
88-->[androidx.emoji2:emoji2:1.2.0] AndroidManifest.xml:26:13-68
89            android:exported="false" >
89-->[androidx.emoji2:emoji2:1.2.0] AndroidManifest.xml:27:13-37
90            <meta-data
90-->[androidx.emoji2:emoji2:1.2.0] AndroidManifest.xml:29:13-31:52
91                android:name="androidx.emoji2.text.EmojiCompatInitializer"
91-->[androidx.emoji2:emoji2:1.2.0] AndroidManifest.xml:30:17-75
92                android:value="androidx.startup" />
92-->[androidx.emoji2:emoji2:1.2.0] AndroidManifest.xml:31:17-49
93            <meta-data
93-->[androidx.lifecycle:lifecycle-process:2.4.1] AndroidManifest.xml:31:13-33:52
94                android:name="androidx.lifecycle.ProcessLifecycleInitializer"
94-->[androidx.lifecycle:lifecycle-process:2.4.1] AndroidManifest.xml:32:17-78
95                android:value="androidx.startup" />
95-->[androidx.lifecycle:lifecycle-process:2.4.1] AndroidManifest.xml:33:17-49
96        </provider>
97
98        <meta-data
98-->[com.facebook.soloader:soloader:0.10.5] AndroidManifest.xml:12:9-14:37
99            android:name="com.facebook.soloader.enabled"
99-->[com.facebook.soloader:soloader:0.10.5] AndroidManifest.xml:13:13-57
100            android:value="false" />
100-->[com.facebook.soloader:soloader:0.10.5] AndroidManifest.xml:14:13-34
101
102        <activity
102-->[com.jakewharton:process-phoenix:2.1.2] AndroidManifest.xml:8:9-12:75
103            android:name="com.jakewharton.processphoenix.ProcessPhoenix"
103-->[com.jakewharton:process-phoenix:2.1.2] AndroidManifest.xml:9:13-73
104            android:exported="false"
104-->[com.jakewharton:process-phoenix:2.1.2] AndroidManifest.xml:10:13-37
105            android:process=":phoenix"
105-->[com.jakewharton:process-phoenix:2.1.2] AndroidManifest.xml:11:13-39
106            android:theme="@android:style/Theme.Translucent.NoTitleBar" />
106-->[com.jakewharton:process-phoenix:2.1.2] AndroidManifest.xml:12:13-72
107    </application>
108
109</manifest>